<?xml version="1.0" encoding="utf-8"?>
<TestRun id="c456ea23-7485-41de-a39d-83da7dd924e6" name="320069332@YY171291 2019-09-15 10:31:12" runUser="CODE1\320069332" xmlns="http://microsoft.com/schemas/VisualStudio/TeamTest/2010">
  <Times creation="2019-09-15T10:31:12.4863736+05:30" queuing="2019-09-15T10:31:12.4863736+05:30" start="2019-09-15T10:31:03.6979160+05:30" finish="2019-09-15T10:31:14.3703376+05:30" />
  <TestSettings name="default" id="3326e7f6-3b84-46f2-90ae-686faf814de0">
    <Deployment runDeploymentRoot="320069332_YY171291_2019-09-15_10_31_12" />
  </TestSettings>
  <Results>
    <UnitTestResult executionId="94ca6de6-1ab6-48ac-ab9c-a6db60061fbc" testId="a184ff4d-3d6d-2991-2c0d-d19ae40efca0" testName="GivenMonitoId_WhenItIsNotValid_ThenShouldNotGiveCorrecttMonitorName" computerName="YY171291" duration="00:00:00.0028343" startTime="2019-09-15T10:31:12.4504710+05:30" endTime="2019-09-15T10:31:12.4534609+05:30" testType="13cdc9d9-ddb5-4fa4-a97d-d965ccfc6d4b" outcome="Passed" testListId="8c84fa94-04c1-424b-9868-57a2d4851a1d" relativeResultsDirectory="94ca6de6-1ab6-48ac-ab9c-a6db60061fbc" />
    <UnitTestResult executionId="0e544841-b208-42dc-b470-7167df23c869" testId="22e77793-f101-e83d-7e6a-15240446e24c" testName="GivenMonitoId_WhenItIsValid_ThenGiveCorrectMonitorName2" computerName="YY171291" duration="00:00:00.0091447" startTime="2019-09-15T10:31:12.4395321+05:30" endTime="2019-09-15T10:31:12.4495080+05:30" testType="13cdc9d9-ddb5-4fa4-a97d-d965ccfc6d4b" outcome="Passed" testListId="8c84fa94-04c1-424b-9868-57a2d4851a1d" relativeResultsDirectory="0e544841-b208-42dc-b470-7167df23c869" />
    <UnitTestResult executionId="f80711c0-7afe-4629-aa79-ae599a1267f7" testId="bbcd847c-be17-4e46-ee3f-9c760634c9ab" testName="GivenQuestionIdAndOptionId_WhenItIsNotValid_ThenShouldNotReturnCorrespondingMonitorId" computerName="YY171291" duration="00:00:00.0044443" startTime="2019-09-15T10:31:12.5382341+05:30" endTime="2019-09-15T10:31:12.5432213+05:30" testType="13cdc9d9-ddb5-4fa4-a97d-d965ccfc6d4b" outcome="Passed" testListId="8c84fa94-04c1-424b-9868-57a2d4851a1d" relativeResultsDirectory="f80711c0-7afe-4629-aa79-ae599a1267f7" />
    <UnitTestResult executionId="a75f415b-ce23-4808-80de-59f1e19b9312" testId="3ff9f01d-c5e3-64bf-6b50-530fbb04ad9f" testName="GivenQuestionIdAndOptionId_WhenItIsValid_ThenReturnCorrespondingMonitorId" computerName="YY171291" duration="00:00:00.0083178" startTime="2019-09-15T10:31:12.5292585+05:30" endTime="2019-09-15T10:31:12.5382341+05:30" testType="13cdc9d9-ddb5-4fa4-a97d-d965ccfc6d4b" outcome="Passed" testListId="8c84fa94-04c1-424b-9868-57a2d4851a1d" relativeResultsDirectory="a75f415b-ce23-4808-80de-59f1e19b9312" />
    <UnitTestResult executionId="45e43fdc-7a76-4e20-ae78-9bb13bb8ae27" testId="2d4586ed-715f-3e5b-a966-5ed86c08e637" testName="GivenQuestionIdAndOptionId_WhenItIsValid_ThenReturnCorrespondingNextQuestionId" computerName="YY171291" duration="00:00:00.0036488" startTime="2019-09-15T10:31:12.5462128+05:30" endTime="2019-09-15T10:31:12.5502024+05:30" testType="13cdc9d9-ddb5-4fa4-a97d-d965ccfc6d4b" outcome="Passed" testListId="8c84fa94-04c1-424b-9868-57a2d4851a1d" relativeResultsDirectory="45e43fdc-7a76-4e20-ae78-9bb13bb8ae27" />
    <UnitTestResult executionId="7a641c05-0cbe-46bc-b0fc-c2b876f7f644" testId="e864511e-df17-e755-a048-9b8735aca49d" testName="GivenQuestionId_WhenItIsValid_ThenDisplayCorrectQuestion2" computerName="YY171291" duration="00:00:00.0040079" startTime="2019-09-15T10:31:12.5521986+05:30" endTime="2019-09-15T10:31:12.5571841+05:30" testType="13cdc9d9-ddb5-4fa4-a97d-d965ccfc6d4b" outcome="Passed" testListId="8c84fa94-04c1-424b-9868-57a2d4851a1d" relativeResultsDirectory="7a641c05-0cbe-46bc-b0fc-c2b876f7f644" />
    <UnitTestResult executionId="89bd2cd1-9385-4dcb-8904-5c82ce4c8974" testId="70daef5f-f0dd-d534-fc10-5d1eb5915fe1" testName="GivenQuestionIdAndOptionId_WhenItIsNotValid_ThenShouldNotReturnNextQuestionId" computerName="YY171291" duration="00:00:00.0057356" startTime="2019-09-15T10:31:12.5232738+05:30" endTime="2019-09-15T10:31:12.5292585+05:30" testType="13cdc9d9-ddb5-4fa4-a97d-d965ccfc6d4b" outcome="Passed" testListId="8c84fa94-04c1-424b-9868-57a2d4851a1d" relativeResultsDirectory="89bd2cd1-9385-4dcb-8904-5c82ce4c8974" />
    <UnitTestResult executionId="50d30cd9-e816-448d-872e-88e13465ae5f" testId="1c076f3c-6236-4088-8a95-7cca65b0ab48" testName="GivenQuestionIdAndOptionId_WhenItIsValid_ThenReturnCorrespondingMonitorId2" computerName="YY171291" duration="00:00:00.0022148" startTime="2019-09-15T10:31:12.5432213+05:30" endTime="2019-09-15T10:31:12.5462128+05:30" testType="13cdc9d9-ddb5-4fa4-a97d-d965ccfc6d4b" outcome="Passed" testListId="8c84fa94-04c1-424b-9868-57a2d4851a1d" relativeResultsDirectory="50d30cd9-e816-448d-872e-88e13465ae5f" />
    <UnitTestResult executionId="c6f634ce-49ec-4f5a-9df7-75d3e6a66a2f" testId="24f66ac8-fbff-7bfc-09ba-b515e8f1ed49" testName="GivenQuestionId_WhenItIsValid_ThenDisplayCorrectQuestion" computerName="YY171291" duration="00:00:00.0097550" startTime="2019-09-15T10:31:12.4534609+05:30" endTime="2019-09-15T10:31:12.4634352+05:30" testType="13cdc9d9-ddb5-4fa4-a97d-d965ccfc6d4b" outcome="Passed" testListId="8c84fa94-04c1-424b-9868-57a2d4851a1d" relativeResultsDirectory="c6f634ce-49ec-4f5a-9df7-75d3e6a66a2f" />
    <UnitTestResult executionId="aec06606-2f62-49eb-8d9f-e123279eb0a3" testId="da89b2c1-1aa1-e3f9-0987-26677c041129" testName="GivenMonitoId_WhenItIsValid_ThenGiveCorrectMonitorName" computerName="YY171291" duration="00:00:05.2932138" startTime="2019-09-15T10:31:06.7686643+05:30" endTime="2019-09-15T10:31:12.4035971+05:30" testType="13cdc9d9-ddb5-4fa4-a97d-d965ccfc6d4b" outcome="Passed" testListId="8c84fa94-04c1-424b-9868-57a2d4851a1d" relativeResultsDirectory="aec06606-2f62-49eb-8d9f-e123279eb0a3" />
    <UnitTestResult executionId="e9484fc2-a7eb-4681-9682-99b21c1db2c2" testId="888fd4c8-934d-a8fa-4071-ba04c136168e" testName="GivenQuestionIdAndOptionId_WhenItIsValid_ThenReturnNextQuestionId" computerName="YY171291" duration="00:00:00.0589788" startTime="2019-09-15T10:31:12.4634352+05:30" endTime="2019-09-15T10:31:12.5232738+05:30" testType="13cdc9d9-ddb5-4fa4-a97d-d965ccfc6d4b" outcome="Passed" testListId="8c84fa94-04c1-424b-9868-57a2d4851a1d" relativeResultsDirectory="e9484fc2-a7eb-4681-9682-99b21c1db2c2" />
  </Results>
  <TestDefinitions>
    <UnitTest name="GivenMonitoId_WhenItIsValid_ThenGiveCorrectMonitorName" storage="c:\users\320069332\source\repos\chatbotrepo\chatbotunittest\bin\debug\chatbotunittest.dll" id="da89b2c1-1aa1-e3f9-0987-26677c041129">
      <Execution id="aec06606-2f62-49eb-8d9f-e123279eb0a3" />
      <TestMethod codeBase="C:\Users\320069332\source\repos\chatbotrepo\ChatbotUnitTest\bin\Debug\ChatbotUnitTest.dll" adapterTypeName="executor://mstestadapter/v2" className="UnitTestProject1.ChatBotControllerTest" name="GivenMonitoId_WhenItIsValid_ThenGiveCorrectMonitorName" />
    </UnitTest>
    <UnitTest name="GivenQuestionIdAndOptionId_WhenItIsValid_ThenReturnCorrespondingMonitorId2" storage="c:\users\320069332\source\repos\chatbotrepo\chatbotunittest\bin\debug\chatbotunittest.dll" id="1c076f3c-6236-4088-8a95-7cca65b0ab48">
      <Execution id="50d30cd9-e816-448d-872e-88e13465ae5f" />
      <TestMethod codeBase="C:\Users\320069332\source\repos\chatbotrepo\ChatbotUnitTest\bin\Debug\ChatbotUnitTest.dll" adapterTypeName="executor://mstestadapter/v2" className="UnitTestProject1.ChatBotControllerTest" name="GivenQuestionIdAndOptionId_WhenItIsValid_ThenReturnCorrespondingMonitorId2" />
    </UnitTest>
    <UnitTest name="GivenQuestionIdAndOptionId_WhenItIsNotValid_ThenShouldNotReturnNextQuestionId" storage="c:\users\320069332\source\repos\chatbotrepo\chatbotunittest\bin\debug\chatbotunittest.dll" id="70daef5f-f0dd-d534-fc10-5d1eb5915fe1">
      <Execution id="89bd2cd1-9385-4dcb-8904-5c82ce4c8974" />
      <TestMethod codeBase="C:\Users\320069332\source\repos\chatbotrepo\ChatbotUnitTest\bin\Debug\ChatbotUnitTest.dll" adapterTypeName="executor://mstestadapter/v2" className="UnitTestProject1.ChatBotControllerTest" name="GivenQuestionIdAndOptionId_WhenItIsNotValid_ThenShouldNotReturnNextQuestionId" />
    </UnitTest>
    <UnitTest name="GivenQuestionIdAndOptionId_WhenItIsValid_ThenReturnCorrespondingNextQuestionId" storage="c:\users\320069332\source\repos\chatbotrepo\chatbotunittest\bin\debug\chatbotunittest.dll" id="2d4586ed-715f-3e5b-a966-5ed86c08e637">
      <Execution id="45e43fdc-7a76-4e20-ae78-9bb13bb8ae27" />
      <TestMethod codeBase="C:\Users\320069332\source\repos\chatbotrepo\ChatbotUnitTest\bin\Debug\ChatbotUnitTest.dll" adapterTypeName="executor://mstestadapter/v2" className="UnitTestProject1.ChatBotControllerTest" name="GivenQuestionIdAndOptionId_WhenItIsValid_ThenReturnCorrespondingNextQuestionId" />
    </UnitTest>
    <UnitTest name="GivenQuestionId_WhenItIsValid_ThenDisplayCorrectQuestion" storage="c:\users\320069332\source\repos\chatbotrepo\chatbotunittest\bin\debug\chatbotunittest.dll" id="24f66ac8-fbff-7bfc-09ba-b515e8f1ed49">
      <Execution id="c6f634ce-49ec-4f5a-9df7-75d3e6a66a2f" />
      <TestMethod codeBase="C:\Users\320069332\source\repos\chatbotrepo\ChatbotUnitTest\bin\Debug\ChatbotUnitTest.dll" adapterTypeName="executor://mstestadapter/v2" className="UnitTestProject1.ChatBotControllerTest" name="GivenQuestionId_WhenItIsValid_ThenDisplayCorrectQuestion" />
    </UnitTest>
    <UnitTest name="GivenMonitoId_WhenItIsNotValid_ThenShouldNotGiveCorrecttMonitorName" storage="c:\users\320069332\source\repos\chatbotrepo\chatbotunittest\bin\debug\chatbotunittest.dll" id="a184ff4d-3d6d-2991-2c0d-d19ae40efca0">
      <Execution id="94ca6de6-1ab6-48ac-ab9c-a6db60061fbc" />
      <TestMethod codeBase="C:\Users\320069332\source\repos\chatbotrepo\ChatbotUnitTest\bin\Debug\ChatbotUnitTest.dll" adapterTypeName="executor://mstestadapter/v2" className="UnitTestProject1.ChatBotControllerTest" name="GivenMonitoId_WhenItIsNotValid_ThenShouldNotGiveCorrecttMonitorName" />
    </UnitTest>
    <UnitTest name="GivenQuestionIdAndOptionId_WhenItIsValid_ThenReturnNextQuestionId" storage="c:\users\320069332\source\repos\chatbotrepo\chatbotunittest\bin\debug\chatbotunittest.dll" id="888fd4c8-934d-a8fa-4071-ba04c136168e">
      <Execution id="e9484fc2-a7eb-4681-9682-99b21c1db2c2" />
      <TestMethod codeBase="C:\Users\320069332\source\repos\chatbotrepo\ChatbotUnitTest\bin\Debug\ChatbotUnitTest.dll" adapterTypeName="executor://mstestadapter/v2" className="UnitTestProject1.ChatBotControllerTest" name="GivenQuestionIdAndOptionId_WhenItIsValid_ThenReturnNextQuestionId" />
    </UnitTest>
    <UnitTest name="GivenQuestionIdAndOptionId_WhenItIsNotValid_ThenShouldNotReturnCorrespondingMonitorId" storage="c:\users\320069332\source\repos\chatbotrepo\chatbotunittest\bin\debug\chatbotunittest.dll" id="bbcd847c-be17-4e46-ee3f-9c760634c9ab">
      <Execution id="f80711c0-7afe-4629-aa79-ae599a1267f7" />
      <TestMethod codeBase="C:\Users\320069332\source\repos\chatbotrepo\ChatbotUnitTest\bin\Debug\ChatbotUnitTest.dll" adapterTypeName="executor://mstestadapter/v2" className="UnitTestProject1.ChatBotControllerTest" name="GivenQuestionIdAndOptionId_WhenItIsNotValid_ThenShouldNotReturnCorrespondingMonitorId" />
    </UnitTest>
    <UnitTest name="GivenMonitoId_WhenItIsValid_ThenGiveCorrectMonitorName2" storage="c:\users\320069332\source\repos\chatbotrepo\chatbotunittest\bin\debug\chatbotunittest.dll" id="22e77793-f101-e83d-7e6a-15240446e24c">
      <Execution id="0e544841-b208-42dc-b470-7167df23c869" />
      <TestMethod codeBase="C:\Users\320069332\source\repos\chatbotrepo\ChatbotUnitTest\bin\Debug\ChatbotUnitTest.dll" adapterTypeName="executor://mstestadapter/v2" className="UnitTestProject1.ChatBotControllerTest" name="GivenMonitoId_WhenItIsValid_ThenGiveCorrectMonitorName2" />
    </UnitTest>
    <UnitTest name="GivenQuestionIdAndOptionId_WhenItIsValid_ThenReturnCorrespondingMonitorId" storage="c:\users\320069332\source\repos\chatbotrepo\chatbotunittest\bin\debug\chatbotunittest.dll" id="3ff9f01d-c5e3-64bf-6b50-530fbb04ad9f">
      <Execution id="a75f415b-ce23-4808-80de-59f1e19b9312" />
      <TestMethod codeBase="C:\Users\320069332\source\repos\chatbotrepo\ChatbotUnitTest\bin\Debug\ChatbotUnitTest.dll" adapterTypeName="executor://mstestadapter/v2" className="UnitTestProject1.ChatBotControllerTest" name="GivenQuestionIdAndOptionId_WhenItIsValid_ThenReturnCorrespondingMonitorId" />
    </UnitTest>
    <UnitTest name="GivenQuestionId_WhenItIsValid_ThenDisplayCorrectQuestion2" storage="c:\users\320069332\source\repos\chatbotrepo\chatbotunittest\bin\debug\chatbotunittest.dll" id="e864511e-df17-e755-a048-9b8735aca49d">
      <Execution id="7a641c05-0cbe-46bc-b0fc-c2b876f7f644" />
      <TestMethod codeBase="C:\Users\320069332\source\repos\chatbotrepo\ChatbotUnitTest\bin\Debug\ChatbotUnitTest.dll" adapterTypeName="executor://mstestadapter/v2" className="UnitTestProject1.ChatBotControllerTest" name="GivenQuestionId_WhenItIsValid_ThenDisplayCorrectQuestion2" />
    </UnitTest>
  </TestDefinitions>
  <TestEntries>
    <TestEntry testId="a184ff4d-3d6d-2991-2c0d-d19ae40efca0" executionId="94ca6de6-1ab6-48ac-ab9c-a6db60061fbc" testListId="8c84fa94-04c1-424b-9868-57a2d4851a1d" />
    <TestEntry testId="22e77793-f101-e83d-7e6a-15240446e24c" executionId="0e544841-b208-42dc-b470-7167df23c869" testListId="8c84fa94-04c1-424b-9868-57a2d4851a1d" />
    <TestEntry testId="bbcd847c-be17-4e46-ee3f-9c760634c9ab" executionId="f80711c0-7afe-4629-aa79-ae599a1267f7" testListId="8c84fa94-04c1-424b-9868-57a2d4851a1d" />
    <TestEntry testId="3ff9f01d-c5e3-64bf-6b50-530fbb04ad9f" executionId="a75f415b-ce23-4808-80de-59f1e19b9312" testListId="8c84fa94-04c1-424b-9868-57a2d4851a1d" />
    <TestEntry testId="2d4586ed-715f-3e5b-a966-5ed86c08e637" executionId="45e43fdc-7a76-4e20-ae78-9bb13bb8ae27" testListId="8c84fa94-04c1-424b-9868-57a2d4851a1d" />
    <TestEntry testId="e864511e-df17-e755-a048-9b8735aca49d" executionId="7a641c05-0cbe-46bc-b0fc-c2b876f7f644" testListId="8c84fa94-04c1-424b-9868-57a2d4851a1d" />
    <TestEntry testId="70daef5f-f0dd-d534-fc10-5d1eb5915fe1" executionId="89bd2cd1-9385-4dcb-8904-5c82ce4c8974" testListId="8c84fa94-04c1-424b-9868-57a2d4851a1d" />
    <TestEntry testId="1c076f3c-6236-4088-8a95-7cca65b0ab48" executionId="50d30cd9-e816-448d-872e-88e13465ae5f" testListId="8c84fa94-04c1-424b-9868-57a2d4851a1d" />
    <TestEntry testId="24f66ac8-fbff-7bfc-09ba-b515e8f1ed49" executionId="c6f634ce-49ec-4f5a-9df7-75d3e6a66a2f" testListId="8c84fa94-04c1-424b-9868-57a2d4851a1d" />
    <TestEntry testId="da89b2c1-1aa1-e3f9-0987-26677c041129" executionId="aec06606-2f62-49eb-8d9f-e123279eb0a3" testListId="8c84fa94-04c1-424b-9868-57a2d4851a1d" />
    <TestEntry testId="888fd4c8-934d-a8fa-4071-ba04c136168e" executionId="e9484fc2-a7eb-4681-9682-99b21c1db2c2" testListId="8c84fa94-04c1-424b-9868-57a2d4851a1d" />
  </TestEntries>
  <TestLists>
    <TestList name="Results Not in a List" id="8c84fa94-04c1-424b-9868-57a2d4851a1d" />
    <TestList name="All Loaded Results" id="19431567-8539-422a-85d7-44ee4e166bda" />
  </TestLists>
  <ResultSummary outcome="Completed">
    <Counters total="11" executed="11" passed="11" failed="0" error="0" timeout="0" aborted="0" inconclusive="0" passedButRunAborted="0" notRunnable="0" notExecuted="0" disconnected="0" warning="0" completed="0" inProgress="0" pending="0" />
  </ResultSummary>
</TestRun>