<?xml version="1.0" encoding="utf-8"?>
<TestRun id="4be8b42b-0bd9-4a83-ad1d-fd75402e5d80" name="320069332@YY171291 2019-09-15 11:56:45" runUser="CODE1\320069332" xmlns="http://microsoft.com/schemas/VisualStudio/TeamTest/2010">
  <Times creation="2019-09-15T11:56:45.2202190+05:30" queuing="2019-09-15T11:56:45.2202190+05:30" start="2019-09-15T11:56:28.7741969+05:30" finish="2019-09-15T11:56:47.3235944+05:30" />
  <TestSettings name="default" id="29efa43d-51ce-4680-8dde-7288293b7d00">
    <Deployment runDeploymentRoot="320069332_YY171291_2019-09-15_11_56_45" />
  </TestSettings>
  <Results>
    <UnitTestResult executionId="55315256-aaa3-43cd-890e-b0eb15dccfd0" testId="3ff9f01d-c5e3-64bf-6b50-530fbb04ad9f" testName="GivenQuestionIdAndOptionId_WhenItIsValid_ThenReturnCorrespondingMonitorId" computerName="YY171291" duration="00:00:00.0149646" startTime="2019-09-15T11:56:45.3139712+05:30" endTime="2019-09-15T11:56:45.3299253+05:30" testType="13cdc9d9-ddb5-4fa4-a97d-d965ccfc6d4b" outcome="Passed" testListId="8c84fa94-04c1-424b-9868-57a2d4851a1d" relativeResultsDirectory="55315256-aaa3-43cd-890e-b0eb15dccfd0" />
    <UnitTestResult executionId="9f573d13-5489-4d7b-94f7-214334a12e6d" testId="da89b2c1-1aa1-e3f9-0987-26677c041129" testName="GivenMonitoId_WhenItIsValid_ThenGiveCorrectMonitorName" computerName="YY171291" duration="00:00:09.3906715" startTime="2019-09-15T11:56:34.5607238+05:30" endTime="2019-09-15T11:56:45.0347141+05:30" testType="13cdc9d9-ddb5-4fa4-a97d-d965ccfc6d4b" outcome="Passed" testListId="8c84fa94-04c1-424b-9868-57a2d4851a1d" relativeResultsDirectory="9f573d13-5489-4d7b-94f7-214334a12e6d" />
    <UnitTestResult executionId="be14e6b1-ac29-4003-8da2-c9b4e3a1a8e4" testId="bbcd847c-be17-4e46-ee3f-9c760634c9ab" testName="GivenQuestionIdAndOptionId_WhenItIsNotValid_ThenShouldNotReturnCorrespondingMonitorId" computerName="YY171291" duration="00:00:00.0042979" startTime="2019-09-15T11:56:45.3309233+05:30" endTime="2019-09-15T11:56:45.3359110+05:30" testType="13cdc9d9-ddb5-4fa4-a97d-d965ccfc6d4b" outcome="Passed" testListId="8c84fa94-04c1-424b-9868-57a2d4851a1d" relativeResultsDirectory="be14e6b1-ac29-4003-8da2-c9b4e3a1a8e4" />
    <UnitTestResult executionId="62ac1397-b241-4846-afc4-95f3389ef4b0" testId="a184ff4d-3d6d-2991-2c0d-d19ae40efca0" testName="GivenMonitoId_WhenItIsNotValid_ThenShouldNotGiveCorrecttMonitorName" computerName="YY171291" duration="00:00:00.0064496" startTime="2019-09-15T11:56:45.1304586+05:30" endTime="2019-09-15T11:56:45.1384373+05:30" testType="13cdc9d9-ddb5-4fa4-a97d-d965ccfc6d4b" outcome="Passed" testListId="8c84fa94-04c1-424b-9868-57a2d4851a1d" relativeResultsDirectory="62ac1397-b241-4846-afc4-95f3389ef4b0" />
    <UnitTestResult executionId="4929308d-be03-4700-a589-8d713f63146d" testId="2d4586ed-715f-3e5b-a966-5ed86c08e637" testName="GivenQuestionIdAndOptionId_WhenItIsValid_ThenReturnCorrespondingNextQuestionId" computerName="YY171291" duration="00:00:00.0041332" startTime="2019-09-15T11:56:45.3408965+05:30" endTime="2019-09-15T11:56:45.3468801+05:30" testType="13cdc9d9-ddb5-4fa4-a97d-d965ccfc6d4b" outcome="Passed" testListId="8c84fa94-04c1-424b-9868-57a2d4851a1d" relativeResultsDirectory="4929308d-be03-4700-a589-8d713f63146d" />
    <UnitTestResult executionId="5a70e508-9338-4a15-822c-8cbbf0e06199" testId="24f66ac8-fbff-7bfc-09ba-b515e8f1ed49" testName="GivenQuestionId_WhenItIsValid_ThenDisplayCorrectQuestion" computerName="YY171291" duration="00:00:00.0150375" startTime="2019-09-15T11:56:45.1394386+05:30" endTime="2019-09-15T11:56:45.1553927+05:30" testType="13cdc9d9-ddb5-4fa4-a97d-d965ccfc6d4b" outcome="Passed" testListId="8c84fa94-04c1-424b-9868-57a2d4851a1d" relativeResultsDirectory="5a70e508-9338-4a15-822c-8cbbf0e06199" />
    <UnitTestResult executionId="5339250a-c71b-46c4-8667-ff45527af83e" testId="22e77793-f101-e83d-7e6a-15240446e24c" testName="GivenMonitoId_WhenItIsValid_ThenGiveCorrectMonitorName2" computerName="YY171291" duration="00:00:00.0185189" startTime="2019-09-15T11:56:45.1105117+05:30" endTime="2019-09-15T11:56:45.1304586+05:30" testType="13cdc9d9-ddb5-4fa4-a97d-d965ccfc6d4b" outcome="Passed" testListId="8c84fa94-04c1-424b-9868-57a2d4851a1d" relativeResultsDirectory="5339250a-c71b-46c4-8667-ff45527af83e" />
    <UnitTestResult executionId="926150ab-7ebf-4b38-87b7-8c9399f8ea2a" testId="e864511e-df17-e755-a048-9b8735aca49d" testName="GivenQuestionId_WhenItIsValid_ThenDisplayCorrectQuestion2" computerName="YY171291" duration="00:00:00.0042817" startTime="2019-09-15T11:56:45.3528637+05:30" endTime="2019-09-15T11:56:45.3578536+05:30" testType="13cdc9d9-ddb5-4fa4-a97d-d965ccfc6d4b" outcome="Passed" testListId="8c84fa94-04c1-424b-9868-57a2d4851a1d" relativeResultsDirectory="926150ab-7ebf-4b38-87b7-8c9399f8ea2a" />
    <UnitTestResult executionId="e323c65e-a217-405e-9613-44f86c5e550a" testId="888fd4c8-934d-a8fa-4071-ba04c136168e" testName="GivenQuestionIdAndOptionId_WhenItIsValid_ThenReturnNextQuestionId" computerName="YY171291" duration="00:00:00.1494710" startTime="2019-09-15T11:56:45.1553927+05:30" endTime="2019-09-15T11:56:45.3049923+05:30" testType="13cdc9d9-ddb5-4fa4-a97d-d965ccfc6d4b" outcome="Passed" testListId="8c84fa94-04c1-424b-9868-57a2d4851a1d" relativeResultsDirectory="e323c65e-a217-405e-9613-44f86c5e550a" />
    <UnitTestResult executionId="5226533b-d2be-4c09-8ae8-bc9c6034ec4d" testId="70daef5f-f0dd-d534-fc10-5d1eb5915fe1" testName="GivenQuestionIdAndOptionId_WhenItIsNotValid_ThenShouldNotReturnNextQuestionId" computerName="YY171291" duration="00:00:00.0078101" startTime="2019-09-15T11:56:45.3049923+05:30" endTime="2019-09-15T11:56:45.3139712+05:30" testType="13cdc9d9-ddb5-4fa4-a97d-d965ccfc6d4b" outcome="Passed" testListId="8c84fa94-04c1-424b-9868-57a2d4851a1d" relativeResultsDirectory="5226533b-d2be-4c09-8ae8-bc9c6034ec4d" />
    <UnitTestResult executionId="be30d359-6b27-4d53-ae9e-40e6ede995bc" testId="1c076f3c-6236-4088-8a95-7cca65b0ab48" testName="GivenQuestionIdAndOptionId_WhenItIsValid_ThenReturnCorrespondingMonitorId2" computerName="YY171291" duration="00:00:00.0044913" startTime="2019-09-15T11:56:45.3359110+05:30" endTime="2019-09-15T11:56:45.3408965+05:30" testType="13cdc9d9-ddb5-4fa4-a97d-d965ccfc6d4b" outcome="Passed" testListId="8c84fa94-04c1-424b-9868-57a2d4851a1d" relativeResultsDirectory="be30d359-6b27-4d53-ae9e-40e6ede995bc" />
  </Results>
  <TestDefinitions>
    <UnitTest name="GivenMonitoId_WhenItIsValid_ThenGiveCorrectMonitorName" storage="c:\users\320069332\source\repos\chatbotrepo\chatbotunittest\bin\debug\chatbotunittest.dll" id="da89b2c1-1aa1-e3f9-0987-26677c041129">
      <Execution id="9f573d13-5489-4d7b-94f7-214334a12e6d" />
      <TestMethod codeBase="C:\Users\320069332\source\repos\chatbotrepo\ChatbotUnitTest\bin\Debug\ChatbotUnitTest.dll" adapterTypeName="executor://mstestadapter/v2" className="UnitTestProject1.ChatBotControllerTest" name="GivenMonitoId_WhenItIsValid_ThenGiveCorrectMonitorName" />
    </UnitTest>
    <UnitTest name="GivenQuestionIdAndOptionId_WhenItIsValid_ThenReturnCorrespondingMonitorId2" storage="c:\users\320069332\source\repos\chatbotrepo\chatbotunittest\bin\debug\chatbotunittest.dll" id="1c076f3c-6236-4088-8a95-7cca65b0ab48">
      <Execution id="be30d359-6b27-4d53-ae9e-40e6ede995bc" />
      <TestMethod codeBase="C:\Users\320069332\source\repos\chatbotrepo\ChatbotUnitTest\bin\Debug\ChatbotUnitTest.dll" adapterTypeName="executor://mstestadapter/v2" className="UnitTestProject1.ChatBotControllerTest" name="GivenQuestionIdAndOptionId_WhenItIsValid_ThenReturnCorrespondingMonitorId2" />
    </UnitTest>
    <UnitTest name="GivenQuestionIdAndOptionId_WhenItIsNotValid_ThenShouldNotReturnNextQuestionId" storage="c:\users\320069332\source\repos\chatbotrepo\chatbotunittest\bin\debug\chatbotunittest.dll" id="70daef5f-f0dd-d534-fc10-5d1eb5915fe1">
      <Execution id="5226533b-d2be-4c09-8ae8-bc9c6034ec4d" />
      <TestMethod codeBase="C:\Users\320069332\source\repos\chatbotrepo\ChatbotUnitTest\bin\Debug\ChatbotUnitTest.dll" adapterTypeName="executor://mstestadapter/v2" className="UnitTestProject1.ChatBotControllerTest" name="GivenQuestionIdAndOptionId_WhenItIsNotValid_ThenShouldNotReturnNextQuestionId" />
    </UnitTest>
    <UnitTest name="GivenQuestionIdAndOptionId_WhenItIsValid_ThenReturnCorrespondingNextQuestionId" storage="c:\users\320069332\source\repos\chatbotrepo\chatbotunittest\bin\debug\chatbotunittest.dll" id="2d4586ed-715f-3e5b-a966-5ed86c08e637">
      <Execution id="4929308d-be03-4700-a589-8d713f63146d" />
      <TestMethod codeBase="C:\Users\320069332\source\repos\chatbotrepo\ChatbotUnitTest\bin\Debug\ChatbotUnitTest.dll" adapterTypeName="executor://mstestadapter/v2" className="UnitTestProject1.ChatBotControllerTest" name="GivenQuestionIdAndOptionId_WhenItIsValid_ThenReturnCorrespondingNextQuestionId" />
    </UnitTest>
    <UnitTest name="GivenQuestionId_WhenItIsValid_ThenDisplayCorrectQuestion" storage="c:\users\320069332\source\repos\chatbotrepo\chatbotunittest\bin\debug\chatbotunittest.dll" id="24f66ac8-fbff-7bfc-09ba-b515e8f1ed49">
      <Execution id="5a70e508-9338-4a15-822c-8cbbf0e06199" />
      <TestMethod codeBase="C:\Users\320069332\source\repos\chatbotrepo\ChatbotUnitTest\bin\Debug\ChatbotUnitTest.dll" adapterTypeName="executor://mstestadapter/v2" className="UnitTestProject1.ChatBotControllerTest" name="GivenQuestionId_WhenItIsValid_ThenDisplayCorrectQuestion" />
    </UnitTest>
    <UnitTest name="GivenMonitoId_WhenItIsNotValid_ThenShouldNotGiveCorrecttMonitorName" storage="c:\users\320069332\source\repos\chatbotrepo\chatbotunittest\bin\debug\chatbotunittest.dll" id="a184ff4d-3d6d-2991-2c0d-d19ae40efca0">
      <Execution id="62ac1397-b241-4846-afc4-95f3389ef4b0" />
      <TestMethod codeBase="C:\Users\320069332\source\repos\chatbotrepo\ChatbotUnitTest\bin\Debug\ChatbotUnitTest.dll" adapterTypeName="executor://mstestadapter/v2" className="UnitTestProject1.ChatBotControllerTest" name="GivenMonitoId_WhenItIsNotValid_ThenShouldNotGiveCorrecttMonitorName" />
    </UnitTest>
    <UnitTest name="GivenQuestionIdAndOptionId_WhenItIsValid_ThenReturnNextQuestionId" storage="c:\users\320069332\source\repos\chatbotrepo\chatbotunittest\bin\debug\chatbotunittest.dll" id="888fd4c8-934d-a8fa-4071-ba04c136168e">
      <Execution id="e323c65e-a217-405e-9613-44f86c5e550a" />
      <TestMethod codeBase="C:\Users\320069332\source\repos\chatbotrepo\ChatbotUnitTest\bin\Debug\ChatbotUnitTest.dll" adapterTypeName="executor://mstestadapter/v2" className="UnitTestProject1.ChatBotControllerTest" name="GivenQuestionIdAndOptionId_WhenItIsValid_ThenReturnNextQuestionId" />
    </UnitTest>
    <UnitTest name="GivenQuestionIdAndOptionId_WhenItIsNotValid_ThenShouldNotReturnCorrespondingMonitorId" storage="c:\users\320069332\source\repos\chatbotrepo\chatbotunittest\bin\debug\chatbotunittest.dll" id="bbcd847c-be17-4e46-ee3f-9c760634c9ab">
      <Execution id="be14e6b1-ac29-4003-8da2-c9b4e3a1a8e4" />
      <TestMethod codeBase="C:\Users\320069332\source\repos\chatbotrepo\ChatbotUnitTest\bin\Debug\ChatbotUnitTest.dll" adapterTypeName="executor://mstestadapter/v2" className="UnitTestProject1.ChatBotControllerTest" name="GivenQuestionIdAndOptionId_WhenItIsNotValid_ThenShouldNotReturnCorrespondingMonitorId" />
    </UnitTest>
    <UnitTest name="GivenMonitoId_WhenItIsValid_ThenGiveCorrectMonitorName2" storage="c:\users\320069332\source\repos\chatbotrepo\chatbotunittest\bin\debug\chatbotunittest.dll" id="22e77793-f101-e83d-7e6a-15240446e24c">
      <Execution id="5339250a-c71b-46c4-8667-ff45527af83e" />
      <TestMethod codeBase="C:\Users\320069332\source\repos\chatbotrepo\ChatbotUnitTest\bin\Debug\ChatbotUnitTest.dll" adapterTypeName="executor://mstestadapter/v2" className="UnitTestProject1.ChatBotControllerTest" name="GivenMonitoId_WhenItIsValid_ThenGiveCorrectMonitorName2" />
    </UnitTest>
    <UnitTest name="GivenQuestionIdAndOptionId_WhenItIsValid_ThenReturnCorrespondingMonitorId" storage="c:\users\320069332\source\repos\chatbotrepo\chatbotunittest\bin\debug\chatbotunittest.dll" id="3ff9f01d-c5e3-64bf-6b50-530fbb04ad9f">
      <Execution id="55315256-aaa3-43cd-890e-b0eb15dccfd0" />
      <TestMethod codeBase="C:\Users\320069332\source\repos\chatbotrepo\ChatbotUnitTest\bin\Debug\ChatbotUnitTest.dll" adapterTypeName="executor://mstestadapter/v2" className="UnitTestProject1.ChatBotControllerTest" name="GivenQuestionIdAndOptionId_WhenItIsValid_ThenReturnCorrespondingMonitorId" />
    </UnitTest>
    <UnitTest name="GivenQuestionId_WhenItIsValid_ThenDisplayCorrectQuestion2" storage="c:\users\320069332\source\repos\chatbotrepo\chatbotunittest\bin\debug\chatbotunittest.dll" id="e864511e-df17-e755-a048-9b8735aca49d">
      <Execution id="926150ab-7ebf-4b38-87b7-8c9399f8ea2a" />
      <TestMethod codeBase="C:\Users\320069332\source\repos\chatbotrepo\ChatbotUnitTest\bin\Debug\ChatbotUnitTest.dll" adapterTypeName="executor://mstestadapter/v2" className="UnitTestProject1.ChatBotControllerTest" name="GivenQuestionId_WhenItIsValid_ThenDisplayCorrectQuestion2" />
    </UnitTest>
  </TestDefinitions>
  <TestEntries>
    <TestEntry testId="3ff9f01d-c5e3-64bf-6b50-530fbb04ad9f" executionId="55315256-aaa3-43cd-890e-b0eb15dccfd0" testListId="8c84fa94-04c1-424b-9868-57a2d4851a1d" />
    <TestEntry testId="da89b2c1-1aa1-e3f9-0987-26677c041129" executionId="9f573d13-5489-4d7b-94f7-214334a12e6d" testListId="8c84fa94-04c1-424b-9868-57a2d4851a1d" />
    <TestEntry testId="bbcd847c-be17-4e46-ee3f-9c760634c9ab" executionId="be14e6b1-ac29-4003-8da2-c9b4e3a1a8e4" testListId="8c84fa94-04c1-424b-9868-57a2d4851a1d" />
    <TestEntry testId="a184ff4d-3d6d-2991-2c0d-d19ae40efca0" executionId="62ac1397-b241-4846-afc4-95f3389ef4b0" testListId="8c84fa94-04c1-424b-9868-57a2d4851a1d" />
    <TestEntry testId="2d4586ed-715f-3e5b-a966-5ed86c08e637" executionId="4929308d-be03-4700-a589-8d713f63146d" testListId="8c84fa94-04c1-424b-9868-57a2d4851a1d" />
    <TestEntry testId="24f66ac8-fbff-7bfc-09ba-b515e8f1ed49" executionId="5a70e508-9338-4a15-822c-8cbbf0e06199" testListId="8c84fa94-04c1-424b-9868-57a2d4851a1d" />
    <TestEntry testId="22e77793-f101-e83d-7e6a-15240446e24c" executionId="5339250a-c71b-46c4-8667-ff45527af83e" testListId="8c84fa94-04c1-424b-9868-57a2d4851a1d" />
    <TestEntry testId="e864511e-df17-e755-a048-9b8735aca49d" executionId="926150ab-7ebf-4b38-87b7-8c9399f8ea2a" testListId="8c84fa94-04c1-424b-9868-57a2d4851a1d" />
    <TestEntry testId="888fd4c8-934d-a8fa-4071-ba04c136168e" executionId="e323c65e-a217-405e-9613-44f86c5e550a" testListId="8c84fa94-04c1-424b-9868-57a2d4851a1d" />
    <TestEntry testId="70daef5f-f0dd-d534-fc10-5d1eb5915fe1" executionId="5226533b-d2be-4c09-8ae8-bc9c6034ec4d" testListId="8c84fa94-04c1-424b-9868-57a2d4851a1d" />
    <TestEntry testId="1c076f3c-6236-4088-8a95-7cca65b0ab48" executionId="be30d359-6b27-4d53-ae9e-40e6ede995bc" testListId="8c84fa94-04c1-424b-9868-57a2d4851a1d" />
  </TestEntries>
  <TestLists>
    <TestList name="Results Not in a List" id="8c84fa94-04c1-424b-9868-57a2d4851a1d" />
    <TestList name="All Loaded Results" id="19431567-8539-422a-85d7-44ee4e166bda" />
  </TestLists>
  <ResultSummary outcome="Completed">
    <Counters total="11" executed="11" passed="11" failed="0" error="0" timeout="0" aborted="0" inconclusive="0" passedButRunAborted="0" notRunnable="0" notExecuted="0" disconnected="0" warning="0" completed="0" inProgress="0" pending="0" />
  </ResultSummary>
</TestRun>